<?xml version="1.0" encoding="UTF-8"?>
<testng-results skipped="0" failed="0" ignored="0" total="1" passed="1">
  <reporter-output>
  </reporter-output>
  <suite name="Default suite" duration-ms="32" started-at="2022-03-15T08:51:33Z" finished-at="2022-03-15T08:51:33Z">
    <groups>
    </groups>
    <test name="Default test" duration-ms="32" started-at="2022-03-15T08:51:33Z" finished-at="2022-03-15T08:51:33Z">
      <class name="Reg.Demo2Test">
        <test-method status="PASS" signature="demo2()[pri:0, instance:Reg.Demo2Test@56f4468b]" name="demo2" duration-ms="8" started-at="2022-03-15T08:51:33Z" finished-at="2022-03-15T08:51:33Z">
          <reporter-output>
          </reporter-output>
        </test-method> <!-- demo2 -->
      </class> <!-- Reg.Demo2Test -->
    </test> <!-- Default test -->
  </suite> <!-- Default suite -->
</testng-results>
